[debug] [2020-12-07T23:08:06.016Z] ----------------------------------------------------------------------
[debug] [2020-12-07T23:08:06.018Z] Command:       C:\Program Files\nodejs\node.exe C:\Users\marti\AppData\Roaming\npm\node_modules\firebase-tools\lib\bin\firebase.js init
[debug] [2020-12-07T23:08:06.018Z] CLI Version:   8.18.0
[debug] [2020-12-07T23:08:06.019Z] Platform:      win32
[debug] [2020-12-07T23:08:06.019Z] Node Version:  v12.18.3
[debug] [2020-12-07T23:08:06.021Z] Time:          Mon Dec 07 2020 23:08:06 GMT+0000 (Greenwich Mean Time)
[debug] [2020-12-07T23:08:06.021Z] ----------------------------------------------------------------------
[debug] [2020-12-07T23:08:06.021Z] 
[debug] [2020-12-07T23:08:06.029Z] > command requires scopes: ["email","openid","https://www.googleapis.com/auth/cloudplatformprojects.readonly","https://www.googleapis.com/auth/firebase","https://www.googleapis.com/auth/cloud-platform"]
[debug] [2020-12-07T23:08:06.029Z] > authorizing via signed-in user
[info] 
     ######## #### ########  ######## ########     ###     ######  ########
     ##        ##  ##     ## ##       ##     ##  ##   ##  ##       ##
     ######    ##  ########  ######   ########  #########  ######  ######
     ##        ##  ##    ##  ##       ##     ## ##     ##       ## ##
     ##       #### ##     ## ######## ########  ##     ##  ######  ########

You're about to initialize a Firebase project in this directory:

  E:\HDDGoogleDrive\Development Folder\Github\Intro-to-Data-APIs-JS\module1\03_fetch_json_exercise_scale_iss

[info] 
=== Project Setup
[info] 
[info] First, let's associate this project directory with a Firebase project.
[info] You can create multiple project aliases by running firebase use --add, 
[info] but for now we'll just set up a default project.
[info] 
[debug] [2020-12-07T23:08:14.168Z] > refreshing access token with scopes: ["email","https://www.googleapis.com/auth/cloud-platform","https://www.googleapis.com/auth/cloudplatformprojects.readonly","https://www.googleapis.com/auth/firebase","openid"]
[debug] [2020-12-07T23:08:14.168Z] >>> HTTP REQUEST POST https://www.googleapis.com/oauth2/v3/token  
 <request body omitted>
[debug] [2020-12-07T23:08:14.336Z] <<< HTTP RESPONSE 200 {"date":"Mon, 07 Dec 2020 23:08:12 GMT","expires":"Mon, 01 Jan 1990 00:00:00 GMT","pragma":"no-cache","cache-control":"no-cache, no-store, max-age=0, must-revalidate","content-type":"application/json; charset=utf-8","vary":"X-Origin, Referer, Origin,Accept-Encoding","server":"scaffolding on HTTPServer2","x-xss-protection":"0","x-frame-options":"SAMEORIGIN","x-content-type-options":"nosniff","alt-svc":"h3-29=\":443\"; ma=2592000,h3-T051=\":443\"; ma=2592000,h3-Q050=\":443\"; ma=2592000,h3-Q046=\":443\"; ma=2592000,h3-Q043=\":443\"; ma=2592000,quic=\":443\"; ma=2592000; v=\"46,43\"","accept-ranges":"none","transfer-encoding":"chunked"}
[debug] [2020-12-07T23:08:14.343Z] >>> HTTP REQUEST GET https://firebase.googleapis.com/v1beta1/projects?pageSize=100  
 
[debug] [2020-12-07T23:08:14.603Z] <<< HTTP RESPONSE 200 {"content-type":"application/json; charset=UTF-8","vary":"X-Origin, Referer, Origin,Accept-Encoding","date":"Mon, 07 Dec 2020 23:08:12 GMT","server":"ESF","cache-control":"private","x-xss-protection":"0","x-frame-options":"SAMEORIGIN","x-content-type-options":"nosniff","alt-svc":"h3-29=\":443\"; ma=2592000,h3-T051=\":443\"; ma=2592000,h3-Q050=\":443\"; ma=2592000,h3-Q046=\":443\"; ma=2592000,h3-Q043=\":443\"; ma=2592000,quic=\":443\"; ma=2592000; v=\"46,43\"","accept-ranges":"none","transfer-encoding":"chunked"}
[info] i  Using project testgps-76044 (TestGps) 
[info] 
=== Hosting Setup
[info] 
[info] Your public directory is the folder (relative to your project directory) that
[info] will contain Hosting assets to be uploaded with firebase deploy. If you
[info] have a build process for your assets, use your build's output directory.
[info] 
[debug] [2020-12-07T23:08:32.156Z] >>> [apiv2][query] GET https://www.gstatic.com/firebasejs/releases.json [none]
[debug] [2020-12-07T23:08:32.255Z] <<< [apiv2][status] GET https://www.gstatic.com/firebasejs/releases.json 200
[debug] [2020-12-07T23:08:32.255Z] <<< [apiv2][body] GET https://www.gstatic.com/firebasejs/releases.json {"current":{"version":"8.1.2","browserURL":"https://www.gstatic.com/firebasejs/8.1.2/firebase.js","packageURL":"https://www.gstatic.com/firebasejs/8.1.2/firebase.tgz"},"live":{"version":"8.1","browserURL":"https://www.gstatic.com/firebasejs/live/8.1/firebase.js","packageURL":"https://www.gstatic.com/firebasejs/live/8.1/firebase.tgz"},"components":{"analytics":"https://www.gstatic.com/firebasejs/8.1.2/firebase-analytics.js","app":"https://www.gstatic.com/firebasejs/8.1.2/firebase-app.js","auth":"https://www.gstatic.com/firebasejs/8.1.2/firebase-auth.js","database":"https://www.gstatic.com/firebasejs/8.1.2/firebase-database.js","firestore":"https://www.gstatic.com/firebasejs/8.1.2/firebase-firestore.js","functions":"https://www.gstatic.com/firebasejs/8.1.2/firebase-functions.js","installations":"https://www.gstatic.com/firebasejs/8.1.2/firebase-installations.js","messaging":"https://www.gstatic.com/firebasejs/8.1.2/firebase-messaging.js","storage":"https://www.gstatic.com/firebasejs/8.1.2/firebase-storage.js","performance":"https://www.gstatic.com/firebasejs/8.1.2/firebase-performance.js","remote-config":"https://www.gstatic.com/firebasejs/8.1.2/firebase-remote-config.js","firestore.memory":"https://www.gstatic.com/firebasejs/8.1.2/firebase-firestore.memory.js"}}
[info] +  Wrote /index.html 
[info] 
[info] i  Detected a .git folder at E:\HDDGoogleDrive\Development Folder\Github\Intro-to-Data-APIs-JS 
[info] i  Authorizing with GitHub to upload your service account to a GitHub repository's secrets store. 
[info] 
[info] Visit this URL on this device to log in:
[info] https://github.com/login/oauth/authorize?client_id=89cf50f02ac6aaed3484&state=338516704&redirect_uri=http%3A%2F%2Flocalhost%3A9005&scope=read%3Auser%20repo%20public_repo
[info] 
[info] Waiting for authentication...
[debug] [2020-12-07T23:08:54.827Z] >>> HTTP REQUEST POST https://github.com/login/oauth/access_token  
 {"client_id":"89cf50f02ac6aaed3484","client_secret":"3330d14abc895d9a74d5f17cd7a00711fa2c5bf0","code":"ce541c2fd24d3765f5dc","redirect_uri":"http://localhost:9005","state":"338516704"}
[debug] [2020-12-07T23:08:55.331Z] <<< HTTP RESPONSE 200 {"date":"Mon, 07 Dec 2020 23:08:53 GMT","content-type":"application/json; charset=utf-8","transfer-encoding":"chunked","server":"GitHub.com","status":"200 OK","vary":"X-PJAX, Accept-Encoding, Accept, X-Requested-With, Accept-Encoding","etag":"W/\"adfa5442b82075a062da356c4cf6a133\"","cache-control":"max-age=0, private, must-revalidate","strict-transport-security":"max-age=31536000; includeSubdomains; preload","x-frame-options":"deny","x-content-type-options":"nosniff","x-xss-protection":"1; mode=block","referrer-policy":"origin-when-cross-origin, strict-origin-when-cross-origin","expect-ct":"max-age=2592000, report-uri=\"https://api.github.com/_private/browser/errors\"","content-security-policy":"default-src 'none'; base-uri 'self'; block-all-mixed-content; connect-src 'self' uploads.github.com www.githubstatus.com collector.githubapp.com api.github.com github-cloud.s3.amazonaws.com github-production-repository-file-5c1aeb.s3.amazonaws.com github-production-upload-manifest-file-7fdce7.s3.amazonaws.com github-production-user-asset-6210df.s3.amazonaws.com cdn.optimizely.com logx.optimizely.com/v1/events wss://alive.github.com; font-src github.githubassets.com; form-action 'self' github.com gist.github.com; frame-ancestors 'none'; frame-src render.githubusercontent.com; img-src 'self' data: github.githubassets.com identicons.github.com collector.githubapp.com github-cloud.s3.amazonaws.com *.githubusercontent.com; manifest-src 'self'; media-src 'none'; script-src github.githubassets.com; style-src 'unsafe-inline' github.githubassets.com; worker-src github.com/socket-worker.js gist.github.com/socket-worker.js","x-github-request-id":"C443:B459:208879A:2D9C10B:5FCEB605"}
[debug] [2020-12-07T23:08:55.332Z] >>> [apiv2][query] GET https://api.github.com/user [none]
[debug] [2020-12-07T23:08:55.620Z] <<< [apiv2][status] GET https://api.github.com/user 200
[debug] [2020-12-07T23:08:55.620Z] <<< [apiv2][body] GET https://api.github.com/user {"login":"theMBdev","id":35014201,"node_id":"MDQ6VXNlcjM1MDE0MjAx","avatar_url":"https://avatars2.githubusercontent.com/u/35014201?v=4","gravatar_id":"","url":"https://api.github.com/users/theMBdev","html_url":"https://github.com/theMBdev","followers_url":"https://api.github.com/users/theMBdev/followers","following_url":"https://api.github.com/users/theMBdev/following{/other_user}","gists_url":"https://api.github.com/users/theMBdev/gists{/gist_id}","starred_url":"https://api.github.com/users/theMBdev/starred{/owner}{/repo}","subscriptions_url":"https://api.github.com/users/theMBdev/subscriptions","organizations_url":"https://api.github.com/users/theMBdev/orgs","repos_url":"https://api.github.com/users/theMBdev/repos","events_url":"https://api.github.com/users/theMBdev/events{/privacy}","received_events_url":"https://api.github.com/users/theMBdev/received_events","type":"User","site_admin":false,"name":null,"company":null,"blog":"","location":null,"email":null,"hireable":null,"bio":null,"twitter_username":null,"public_repos":22,"public_gists":1,"followers":0,"following":0,"created_at":"2018-01-01T22:38:57Z","updated_at":"2020-12-07T23:08:45Z","private_gists":2,"total_private_repos":45,"owned_private_repos":45,"disk_usage":452784,"collaborators":0,"two_factor_authentication":false,"plan":{"name":"free","space":976562499,"collaborators":0,"private_repos":10000}}
[info] 
[info] +  Success! Logged into GitHub as theMBdev 
[info] 
[debug] [2020-12-07T23:09:04.118Z] >>> [apiv2][query] GET https://api.github.com/repos//actions/secrets/public-key type=owner
[debug] [2020-12-07T23:09:04.326Z] <<< [apiv2][status] GET https://api.github.com/repos//actions/secrets/public-key 404
[debug] [2020-12-07T23:09:04.326Z] <<< [apiv2][body] GET https://api.github.com/repos//actions/secrets/public-key {"message":"Not Found","documentation_url":"https://docs.github.com/rest"}
[debug] [2020-12-07T23:09:05.367Z] >>> [apiv2][query] GET https://api.github.com/repos//actions/secrets/public-key type=owner
[debug] [2020-12-07T23:09:05.566Z] <<< [apiv2][status] GET https://api.github.com/repos//actions/secrets/public-key 404
[debug] [2020-12-07T23:09:05.566Z] <<< [apiv2][body] GET https://api.github.com/repos//actions/secrets/public-key {"message":"Not Found","documentation_url":"https://docs.github.com/rest"}
